app/build/intermediates/manifest_merge_blame_file/debug/manifest-merger-blame-debug-report.txt
1<?xml version="1.0" encoding="utf-8"?>
2<manifest xmlns:android="http://schemas.android.com/apk/res/android"
3    package="royal.com.androidconcepts"
4    android:versionCode="1"
5    android:versionName="1.0" >
6
7    <uses-sdk
8        android:minSdkVersion="21"
8-->src\main\AndroidManifest.xml
9        android:targetSdkVersion="28" />
9-->src\main\AndroidManifest.xml
10
11    <uses-feature android:name="android.hardware.camera" />
11-->src\main\AndroidManifest.xml:97:5-60
11-->src\main\AndroidManifest.xml:97:19-57
12    <uses-feature android:name="android.hardware.camera.autofocus" />
12-->src\main\AndroidManifest.xml:99:5-70
12-->src\main\AndroidManifest.xml:99:19-67
13
14    <uses-permission android:name="android.permission.ACCESS_FINE_LOCATION" />
14-->src\main\AndroidManifest.xml:100:5-79
14-->src\main\AndroidManifest.xml:100:22-76
15    <uses-permission android:name="android.permission.INTERNET" />
15-->src\main\AndroidManifest.xml:101:5-67
15-->src\main\AndroidManifest.xml:101:22-64
16    <uses-permission android:name="android.permission.CAMERA" />
16-->src\main\AndroidManifest.xml:102:5-65
16-->src\main\AndroidManifest.xml:102:22-62
17    <uses-permission android:name="android.permission.SEND_SMS" />
17-->src\main\AndroidManifest.xml:103:5-67
17-->src\main\AndroidManifest.xml:103:22-64
18    <uses-permission android:name="android.permission.READ_PHONE_STATE" />
18-->src\main\AndroidManifest.xml:104:5-75
18-->src\main\AndroidManifest.xml:104:22-72
19    <uses-permission android:name="android.permission.WAKE_LOCK" />
19-->src\main\AndroidManifest.xml:105:5-68
19-->src\main\AndroidManifest.xml:105:22-65
20    <uses-permission android:name="android.permission.WRITE_EXTERNAL_STORAGE" />
20-->src\main\AndroidManifest.xml:106:5-81
20-->src\main\AndroidManifest.xml:106:22-78
21    <uses-permission android:name="android.permission.WRITE_SETTINGS" />
21-->src\main\AndroidManifest.xml:108:5-110:47
21-->src\main\AndroidManifest.xml:109:9-57
22
23    <!-- Include required permissions for Google Maps API to run. -->
24    <uses-permission android:name="android.permission.ACCESS_NETWORK_STATE" />
24-->[com.google.android.gms:play-services-maps:15.0.1] AndroidManifest.xml:23:5-79
24-->[com.google.android.gms:play-services-maps:15.0.1] AndroidManifest.xml:23:22-76
25
26    <uses-feature
26-->[com.google.android.gms:play-services-maps:15.0.1] AndroidManifest.xml:26:5-28:35
27        android:glEsVersion="0x00020000"
27-->[com.google.android.gms:play-services-maps:15.0.1] AndroidManifest.xml:27:9-41
28        android:required="true" />
28-->[com.google.android.gms:play-services-maps:15.0.1] AndroidManifest.xml:28:9-32
29
30    <application
30-->src\main\AndroidManifest.xml:6:5-96:19
31        android:allowBackup="true"
31-->src\main\AndroidManifest.xml:7:9-35
32        android:appComponentFactory="android.support.v4.app.CoreComponentFactory"
32-->[com.android.support:support-compat:28.0.0] AndroidManifest.xml:22:18-91
33        android:debuggable="true"
34        android:icon="@drawable/android"
34-->src\main\AndroidManifest.xml:8:9-41
35        android:label="@string/app_name"
35-->src\main\AndroidManifest.xml:9:9-41
36        android:roundIcon="@drawable/android"
36-->src\main\AndroidManifest.xml:10:9-46
37        android:supportsRtl="true"
37-->src\main\AndroidManifest.xml:11:9-35
38        android:theme="@style/AppTheme" >
38-->src\main\AndroidManifest.xml:12:9-40
39        <activity android:name="royal.com.androidconcepts.TrackLocation" />
39-->src\main\AndroidManifest.xml:13:9-60
39-->src\main\AndroidManifest.xml:13:19-48
40        <activity android:name="royal.com.androidconcepts.LocationActivity" />
40-->src\main\AndroidManifest.xml:15:9-54
40-->src\main\AndroidManifest.xml:15:19-51
41        <activity
41-->src\main\AndroidManifest.xml:17:9-23:20
42            android:name="royal.com.androidconcepts.NotificationView"
42-->src\main\AndroidManifest.xml:18:13-45
43            android:parentActivityName="royal.com.androidconcepts.NotificationService" >
43-->src\main\AndroidManifest.xml:19:13-62
44            <meta-data
44-->src\main\AndroidManifest.xml:20:13-22:56
45                android:name="android.support.PARENT_ACTIVITY"
45-->src\main\AndroidManifest.xml:21:17-63
46                android:value=".NotificationService" />
46-->src\main\AndroidManifest.xml:22:17-53
47        </activity>
48        <activity
48-->src\main\AndroidManifest.xml:24:9-26:59
49            android:name="royal.com.androidconcepts.MapsActivity"
49-->src\main\AndroidManifest.xml:25:13-41
50            android:label="@string/title_activity_maps" />
50-->src\main\AndroidManifest.xml:26:13-56
51        <!--
52             The API key for Google Maps-based APIs is defined as a string resource.
53             (See the file "res/values/google_maps_api.xml").
54             Note that the API key is linked to the encryption key used to sign the APK.
55             You need a different API key for each encryption key, including the release key that is used to
56             sign the APK for publishing.
57             You can define the keys for the debug and release targets in src/debug/ and src/release/.
58        -->
59        <activity android:name="royal.com.androidconcepts.FragmentLifeCycle" />
59-->src\main\AndroidManifest.xml:35:9-55
59-->src\main\AndroidManifest.xml:35:19-52
60        <activity android:name="royal.com.androidconcepts.ActivityLifeCycle" />
60-->src\main\AndroidManifest.xml:36:9-55
60-->src\main\AndroidManifest.xml:36:19-52
61        <activity android:name="royal.com.androidconcepts.SplashActivity" >
61-->src\main\AndroidManifest.xml:37:9-43:20
61-->src\main\AndroidManifest.xml:37:19-49
62            <intent-filter>
62-->src\main\AndroidManifest.xml:38:13-42:29
63                <action android:name="android.intent.action.MAIN" />
63-->src\main\AndroidManifest.xml:39:17-69
63-->src\main\AndroidManifest.xml:39:25-66
64
65                <category android:name="android.intent.category.LAUNCHER" />
65-->src\main\AndroidManifest.xml:41:17-77
65-->src\main\AndroidManifest.xml:41:27-74
66            </intent-filter>
67        </activity>
68        <activity android:name="royal.com.androidconcepts.CustomListView" />
68-->src\main\AndroidManifest.xml:44:9-52
68-->src\main\AndroidManifest.xml:44:19-49
69        <activity android:name="royal.com.androidconcepts.RadioButtons" />
69-->src\main\AndroidManifest.xml:45:9-50
69-->src\main\AndroidManifest.xml:45:19-47
70        <activity android:name="royal.com.androidconcepts.CheckBoxesClass" />
70-->src\main\AndroidManifest.xml:46:9-53
70-->src\main\AndroidManifest.xml:46:19-50
71        <activity android:name="royal.com.androidconcepts.SimpleToast" />
71-->src\main\AndroidManifest.xml:47:9-49
71-->src\main\AndroidManifest.xml:47:19-46
72        <activity android:name="royal.com.androidconcepts.CustomToast" />
72-->src\main\AndroidManifest.xml:48:9-49
72-->src\main\AndroidManifest.xml:48:19-46
73        <activity android:name="royal.com.androidconcepts.SimpleDialogBox" />
73-->src\main\AndroidManifest.xml:49:9-53
73-->src\main\AndroidManifest.xml:49:19-50
74        <activity android:name="royal.com.androidconcepts.CustomDialogBox" />
74-->src\main\AndroidManifest.xml:50:9-53
74-->src\main\AndroidManifest.xml:50:19-50
75        <activity android:name="royal.com.androidconcepts.SimpleSeekBar" />
75-->src\main\AndroidManifest.xml:51:9-51
75-->src\main\AndroidManifest.xml:51:19-48
76        <activity android:name="royal.com.androidconcepts.CustomSeekBar" />
76-->src\main\AndroidManifest.xml:52:9-51
76-->src\main\AndroidManifest.xml:52:19-48
77        <activity android:name="royal.com.androidconcepts.SimpleRatingBar" />
77-->src\main\AndroidManifest.xml:53:9-53
77-->src\main\AndroidManifest.xml:53:19-50
78        <activity android:name="royal.com.androidconcepts.CustomRatingBar" />
78-->src\main\AndroidManifest.xml:54:9-53
78-->src\main\AndroidManifest.xml:54:19-50
79        <activity android:name="royal.com.androidconcepts.SimpleListView" />
79-->src\main\AndroidManifest.xml:55:9-52
79-->src\main\AndroidManifest.xml:55:19-49
80        <activity android:name="royal.com.androidconcepts.ChangeImage" />
80-->src\main\AndroidManifest.xml:56:9-49
80-->src\main\AndroidManifest.xml:56:19-46
81        <activity android:name="royal.com.androidconcepts.TextView_EditText" />
81-->src\main\AndroidManifest.xml:57:9-55
81-->src\main\AndroidManifest.xml:57:19-52
82        <activity android:name="royal.com.androidconcepts.SimpleSpinner" />
82-->src\main\AndroidManifest.xml:58:9-51
82-->src\main\AndroidManifest.xml:58:19-48
83        <activity android:name="royal.com.androidconcepts.CustomSpinner" />
83-->src\main\AndroidManifest.xml:59:9-51
83-->src\main\AndroidManifest.xml:59:19-48
84        <activity android:name="royal.com.androidconcepts.GridViewClass" />
84-->src\main\AndroidManifest.xml:60:9-51
84-->src\main\AndroidManifest.xml:60:19-48
85        <activity android:name="royal.com.androidconcepts.CardViewClass" />
85-->src\main\AndroidManifest.xml:61:9-51
85-->src\main\AndroidManifest.xml:61:19-48
86        <activity android:name="royal.com.androidconcepts.WebViewClass" />
86-->src\main\AndroidManifest.xml:62:9-50
86-->src\main\AndroidManifest.xml:62:19-47
87        <activity android:name="royal.com.androidconcepts.MainActivity" />
87-->src\main\AndroidManifest.xml:63:9-50
87-->src\main\AndroidManifest.xml:63:19-47
88        <activity android:name="royal.com.androidconcepts.TimePickerClass" />
88-->src\main\AndroidManifest.xml:64:9-53
88-->src\main\AndroidManifest.xml:64:19-50
89        <activity
89-->src\main\AndroidManifest.xml:65:9-68:55
90            android:name="royal.com.androidconcepts.AllMenus"
90-->src\main\AndroidManifest.xml:66:13-37
91            android:label="Options Menu"
91-->src\main\AndroidManifest.xml:67:13-41
92            android:theme="@style/AllMenusActivity" />
92-->src\main\AndroidManifest.xml:68:13-52
93        <activity android:name="royal.com.androidconcepts.SendMessage" />
93-->src\main\AndroidManifest.xml:69:9-49
93-->src\main\AndroidManifest.xml:69:19-46
94        <activity android:name="royal.com.androidconcepts.StaggeredGridViewClass" />
94-->src\main\AndroidManifest.xml:70:9-60
94-->src\main\AndroidManifest.xml:70:19-57
95        <activity
95-->src\main\AndroidManifest.xml:71:9-74:47
96            android:name="royal.com.androidconcepts.MainPage"
96-->src\main\AndroidManifest.xml:72:13-37
97            android:label="@string/title_activity_main_page"
97-->src\main\AndroidManifest.xml:73:13-61
98            android:theme="@style/AppTheme" />
98-->src\main\AndroidManifest.xml:74:13-44
99        <activity android:name="royal.com.androidconcepts.SharedPref" />
99-->src\main\AndroidManifest.xml:75:9-48
99-->src\main\AndroidManifest.xml:75:19-45
100        <activity android:name="royal.com.androidconcepts.ActivityResultClass" />
100-->src\main\AndroidManifest.xml:76:9-57
100-->src\main\AndroidManifest.xml:76:19-54
101        <activity android:name="royal.com.androidconcepts.Sharedpref_result" />
101-->src\main\AndroidManifest.xml:77:9-55
101-->src\main\AndroidManifest.xml:77:19-52
102        <activity android:name="royal.com.androidconcepts.MusicService" />
102-->src\main\AndroidManifest.xml:78:9-50
102-->src\main\AndroidManifest.xml:78:19-47
103        <activity android:name="royal.com.androidconcepts.BroadcastService" />
103-->src\main\AndroidManifest.xml:79:9-54
103-->src\main\AndroidManifest.xml:79:19-51
104        <activity android:name="royal.com.androidconcepts.NotificationService" />
104-->src\main\AndroidManifest.xml:80:9-57
104-->src\main\AndroidManifest.xml:80:19-54
105        <activity android:name="royal.com.androidconcepts.RecyclerViewClass" />
105-->src\main\AndroidManifest.xml:81:9-55
105-->src\main\AndroidManifest.xml:81:19-52
106        <activity android:name="royal.com.androidconcepts.TabFrag" />
106-->src\main\AndroidManifest.xml:82:9-45
106-->src\main\AndroidManifest.xml:82:19-42
107        <activity android:name="royal.com.androidconcepts.DB_MainPage" />
107-->src\main\AndroidManifest.xml:83:9-49
107-->src\main\AndroidManifest.xml:83:19-46
108        <activity android:name="royal.com.androidconcepts.AddDetails" />
108-->src\main\AndroidManifest.xml:84:9-48
108-->src\main\AndroidManifest.xml:84:19-45
109
110        <meta-data
110-->src\main\AndroidManifest.xml:85:9-87:55
111            android:name="com.google.android.geo.API_KEY"
111-->src\main\AndroidManifest.xml:86:13-58
112            android:value="@string/google_maps_key" />
112-->src\main\AndroidManifest.xml:87:13-52
113
114        <receiver android:name="royal.com.androidconcepts.DoBroaadcast" />
114-->src\main\AndroidManifest.xml:89:9-50
114-->src\main\AndroidManifest.xml:89:19-47
115
116        <service android:name="royal.com.androidconcepts.MyMusicPlayer" />
116-->src\main\AndroidManifest.xml:91:9-50
116-->src\main\AndroidManifest.xml:91:18-47
117
118        <uses-library
118-->src\main\AndroidManifest.xml:93:9-95:40
119            android:name="org.apache.http.legacy"
119-->src\main\AndroidManifest.xml:94:13-50
120            android:required="false" />
120-->src\main\AndroidManifest.xml:95:13-37
121
122        <activity
122-->[com.google.android.gms:play-services-base:15.0.1] AndroidManifest.xml:23:9-26:75
123            android:name="com.google.android.gms.common.api.GoogleApiActivity"
123-->[com.google.android.gms:play-services-base:15.0.1] AndroidManifest.xml:24:13-79
124            android:exported="false"
124-->[com.google.android.gms:play-services-base:15.0.1] AndroidManifest.xml:25:13-37
125            android:theme="@android:style/Theme.Translucent.NoTitleBar" />
125-->[com.google.android.gms:play-services-base:15.0.1] AndroidManifest.xml:26:13-72
126
127        <meta-data
127-->[com.google.android.gms:play-services-basement:15.0.1] AndroidManifest.xml:23:9-25:69
128            android:name="com.google.android.gms.version"
128-->[com.google.android.gms:play-services-basement:15.0.1] AndroidManifest.xml:24:13-58
129            android:value="@integer/google_play_services_version" />
129-->[com.google.android.gms:play-services-basement:15.0.1] AndroidManifest.xml:25:13-66
130
131        <provider
131-->[android.arch.lifecycle:extensions:1.1.1] AndroidManifest.xml:23:9-27:43
132            android:name="android.arch.lifecycle.ProcessLifecycleOwnerInitializer"
132-->[android.arch.lifecycle:extensions:1.1.1] AndroidManifest.xml:24:13-83
133            android:authorities="royal.com.androidconcepts.lifecycle-trojan"
133-->[android.arch.lifecycle:extensions:1.1.1] AndroidManifest.xml:25:13-68
134            android:exported="false"
134-->[android.arch.lifecycle:extensions:1.1.1] AndroidManifest.xml:26:13-37
135            android:multiprocess="true" />
135-->[android.arch.lifecycle:extensions:1.1.1] AndroidManifest.xml:27:13-40
136    </application>
137
138</manifest>